<?xml version="1.0" encoding="UTF-8"?>
<testsuite xmlns:xsi="http://www.w3.org/2001/XMLSchema-instance" xsi:noNamespaceSchemaLocation="https://maven.apache.org/surefire/maven-failsafe-plugin/xsd/failsafe-test-report-3.0.xsd" version="3.0" name="Login Page Feature" time="42.68" tests="3" errors="0" skipped="0" failures="1">
  <properties>
[...]
</properties>
  <testcase name="Login page title" classname="Login Page Feature" time="10.865"/>
  <testcase name="Forgot Password Link" classname="Login Page Feature" time="18.861"/>
  <testcase name="Login with correct credentials" classname="Login Page Feature" time="12.953">
    <failure type="java.lang.AssertionError">java.lang.AssertionError
</failure>
    <system-out><![CDATA[
Scenario: Login with correct credentials                     &amp#27;[90m# src/test/java/AppFeatures/LoginPage.feature:12&amp#27;[0m
browser value is chrome
  &amp#27;[32mGiven &amp#27;[0m&amp#27;[32muser is on login page&amp#27;[0m                                &amp#27;[90m# stepdefinitions.LoginPageSteps.user_is_on_login_page()&amp#27;[0m
  &amp#27;[32mWhen &amp#27;[0m&amp#27;[32muser enters username &amp#27;[0m&amp#27;[32m&amp#27;[1m"abhishek.deshpande04@gmail.com"&amp#27;[0m &amp#27;[90m# stepdefinitions.LoginPageSteps.user_enters_username(java.lang.String)&amp#27;[0m
  &amp#27;[32mAnd &amp#27;[0m&amp#27;[32muser enters password &amp#27;[0m&amp#27;[32m&amp#27;[1m"Abcd@1234"&amp#27;[0m                       &amp#27;[90m# stepdefinitions.LoginPageSteps.user_enters_password(java.lang.String)&amp#27;[0m
  &amp#27;[32mAnd &amp#27;[0m&amp#27;[32muser clicks on Login button&amp#27;[0m                            &amp#27;[90m# stepdefinitions.LoginPageSteps.user_clicks_on_login_button()&amp#27;[0m
Page Title is My account - My Store
  &amp#27;[32mThen &amp#27;[0m&amp#27;[32muser gets the title of the page&amp#27;[0m                       &amp#27;[90m# stepdefinitions.LoginPageSteps.user_gets_the_title_of_the_page()&amp#27;[0m
  &amp#27;[31mAnd &amp#27;[0m&amp#27;[31mpage title should be &amp#27;[0m&amp#27;[31m&amp#27;[1m"My account - My Store123"&amp#27;[0m        &amp#27;[90m# stepdefinitions.LoginPageSteps.page_title_should_be(java.lang.String)&amp#27;[0m
      &amp#27;[31mjava.lang.AssertionError
	at org.junit.Assert.fail(Assert.java:87)
	at org.junit.Assert.assertTrue(Assert.java:42)
	at org.junit.Assert.assertTrue(Assert.java:53)
	at stepdefinitions.LoginPageSteps.page_title_should_be(LoginPageSteps.java:40)
	at ✽.page title should be "My account - My Store123"(file:///Users/abhishek/eclipse-workspace/CucumberPOMFramework/src/test/java/AppFeatures/LoginPage.feature:18)
&amp#27;[0m

    Embedding Login_with_correct_credentials [img/png 338084 bytes]

]]></system-out>
    <system-err><![CDATA[Starting ChromeDriver 90.0.4430.24 (4c6d850f087da467d926e8eddb76550aed655991-refs/branch-heads/4430@{#429}) on port 33599
Only local connections are allowed.
Please see https://chromedriver.chromium.org/security-considerations for suggestions on keeping ChromeDriver safe.
ChromeDriver was started successfully.
Apr 26, 2021 12:38:23 PM org.openqa.selenium.remote.ProtocolHandshake createSession
INFO: Detected dialect: W3C
]]></system-err>
  </testcase>
</testsuite>